#
# There is insufficient memory for the Java Runtime Environment to continue.
# Native memory allocation (malloc) failed to allocate 201776 bytes for Chunk::new
# Possible reasons:
#   The system is out of physical RAM or swap space
#   The process is running with CompressedOops enabled, and the Java Heap may be blocking the growth of the native heap
# Possible solutions:
#   Reduce memory load on the system
#   Increase physical memory or swap space
#   Check if swap backing store is full
#   Decrease Java heap size (-Xmx/-Xms)
#   Decrease number of Java threads
#   Decrease Java thread stack sizes (-Xss)
#   Set larger code cache with -XX:ReservedCodeCacheSize=
#   JVM is running with Unscaled Compressed Oops mode in which the Java heap is
#     placed in the first 4GB address space. The Java Heap base address is the
#     maximum limit for the native heap growth. Please use -XX:HeapBaseMinAddress
#     to set the Java Heap base and to place the Java Heap above 4GB virtual address.
# This output file may be truncated or incomplete.
#
#  Out of Memory Error (arena.cpp:189), pid=4724, tid=14576
#
# JRE version: Java(TM) SE Runtime Environment (17.0.6+9) (build 17.0.6+9-LTS-190)
# Java VM: Java HotSpot(TM) 64-Bit Server VM (17.0.6+9-LTS-190, mixed mode, sharing, tiered, compressed oops, compressed class ptrs, g1 gc, windows-amd64)
# No core dump will be written. Minidumps are not enabled by default on client versions of Windows
#

---------------  S U M M A R Y ------------

Command Line: -agentlib:jdwp=transport=dt_socket,server=n,suspend=y,address=localhost:51468 -XX:+ShowCodeDetailsInExceptionMessages -Dspring.jmx.enabled=true -Dmanagement.endpoints.jmx.exposure.include=* -Dspring.application.admin.enabled=true -Dspring.boot.project.name=l7-5-2425-skull-king -Djava.rmi.server.hostname=localhost -Dcom.sun.management.jmxremote.port=45556 -Dcom.sun.management.jmxremote.authenticate=false -Dcom.sun.management.jmxremote.ssl=false es.us.dp1.lx_xy_24_25.your_game_name.GameApplication

Host: AMD Ryzen 5 5500U with Radeon Graphics         , 12 cores, 5G,  Windows 11 , 64 bit Build 22621 (10.0.22621.4391)
Time: Wed Jan  8 18:44:46 2025 Hora estándar romance elapsed time: 85.035912 seconds (0d 0h 1m 25s)

---------------  T H R E A D  ---------------

Current thread (0x000002676c299360):  JavaThread "C2 CompilerThread0" daemon [_thread_in_native, id=14576, stack(0x000000ae20e00000,0x000000ae20f00000)]


Current CompileTask:
C2:  85036 9882       4       sun.net.util.URLUtil::urlNoFragString (114 bytes)

Stack: [0x000000ae20e00000,0x000000ae20f00000]
Native frames: (J=compiled Java code, j=interpreted, Vv=VM code, C=native code)
V  [jvm.dll+0x6734ea]
V  [jvm.dll+0x7d18f4]
V  [jvm.dll+0x7d309e]
V  [jvm.dll+0x7d3703]
V  [jvm.dll+0x2433c5]
V  [jvm.dll+0xaa46b]
V  [jvm.dll+0xaaa0c]
V  [jvm.dll+0x2a8b1f]
V  [jvm.dll+0x57bf85]
V  [jvm.dll+0x21e142]
V  [jvm.dll+0x217500]
V  [jvm.dll+0x215109]
V  [jvm.dll+0x1a1730]
V  [jvm.dll+0x224b6e]
V  [jvm.dll+0x222f15]
V  [jvm.dll+0x78753c]
V  [jvm.dll+0x781a7a]
V  [jvm.dll+0x672375]
C  [ucrtbase.dll+0x29333]
C  [KERNEL32.DLL+0x1259d]
C  [ntdll.dll+0x5af38]


---------------  P R O C E S S  ---------------

Threads class SMR info:
_java_thread_list=0x0000026775d56e90, length=52, elements={
0x000002676c2777d0, 0x000002676c278640, 0x000002676c2958b0, 0x000002676c296260,
0x000002676c297c20, 0x000002676c2985d0, 0x000002676c299360, 0x000002676c299e00,
0x000002676c29dec0, 0x000002676c264ab0, 0x000002676cecace0, 0x000002676ce908f0,
0x000002676ce90de0, 0x000002676ce95860, 0x000002676d8e9990, 0x000002676d9191e0,
0x000002676d8e5510, 0x000002676dc1fcc0, 0x000002676dc1e980, 0x000002676dc20190,
0x000002676dc20660, 0x000002676dc1d640, 0x000002676ecd7070, 0x000002676ecdaf00,
0x000002676ecddf20, 0x000002676ecda090, 0x000002676ecde3f0, 0x000002676ecdda50,
0x000002676ecdd580, 0x000002676ecdb3d0, 0x000002676ecd7a10, 0x000002676ecdc240,
0x000002676ecd83b0, 0x000002676ecdaa30, 0x000002676ecd9220, 0x000002676ecdc710,
0x000002676ecd8d50, 0x000002676ecd96f0, 0x000002676ecdd0b0, 0x000002676ecda560,
0x000002676dc1dfe0, 0x000002677575d5c0, 0x000002677575bdb0, 0x000002677575c280,
0x000002677575e900, 0x000002677575b410, 0x0000026775757a50, 0x0000026775757f20,
0x000002677575df60, 0x000002677575c750, 0x000002677575cc20, 0x000002677575da90
}

Java Threads: ( => current thread )
  0x000002676c2777d0 JavaThread "Reference Handler" daemon [_thread_blocked, id=11060, stack(0x000000ae20800000,0x000000ae20900000)]
  0x000002676c278640 JavaThread "Finalizer" daemon [_thread_blocked, id=13656, stack(0x000000ae20900000,0x000000ae20a00000)]
  0x000002676c2958b0 JavaThread "Signal Dispatcher" daemon [_thread_blocked, id=7348, stack(0x000000ae20a00000,0x000000ae20b00000)]
  0x000002676c296260 JavaThread "Attach Listener" daemon [_thread_blocked, id=24388, stack(0x000000ae20b00000,0x000000ae20c00000)]
  0x000002676c297c20 JavaThread "Service Thread" daemon [_thread_blocked, id=15632, stack(0x000000ae20c00000,0x000000ae20d00000)]
  0x000002676c2985d0 JavaThread "Monitor Deflation Thread" daemon [_thread_blocked, id=16640, stack(0x000000ae20d00000,0x000000ae20e00000)]
=>0x000002676c299360 JavaThread "C2 CompilerThread0" daemon [_thread_in_native, id=14576, stack(0x000000ae20e00000,0x000000ae20f00000)]
  0x000002676c299e00 JavaThread "C1 CompilerThread0" daemon [_thread_blocked, id=12600, stack(0x000000ae20f00000,0x000000ae21000000)]
  0x000002676c29dec0 JavaThread "Sweeper thread" daemon [_thread_blocked, id=18888, stack(0x000000ae21000000,0x000000ae21100000)]
  0x000002676c264ab0 JavaThread "Common-Cleaner" daemon [_thread_blocked, id=6476, stack(0x000000ae21100000,0x000000ae21200000)]
  0x000002676cecace0 JavaThread "JDWP Transport Listener: dt_socket" daemon [_thread_blocked, id=14964, stack(0x000000ae21200000,0x000000ae21300000)]
  0x000002676ce908f0 JavaThread "JDWP Event Helper Thread" daemon [_thread_blocked, id=25488, stack(0x000000ae21300000,0x000000ae21400000)]
  0x000002676ce90de0 JavaThread "JDWP Command Reader" daemon [_thread_in_native, id=6952, stack(0x000000ae21400000,0x000000ae21500000)]
  0x000002676ce95860 JavaThread "Notification Thread" daemon [_thread_blocked, id=2436, stack(0x000000ae21500000,0x000000ae21600000)]
  0x000002676d8e9990 JavaThread "RMI TCP Accept-0" daemon [_thread_in_native, id=10124, stack(0x000000ae21700000,0x000000ae21800000)]
  0x000002676d9191e0 JavaThread "RMI TCP Accept-45556" daemon [_thread_in_native, id=9280, stack(0x000000ae21800000,0x000000ae21900000)]
  0x000002676d8e5510 JavaThread "RMI TCP Accept-0" daemon [_thread_in_native, id=28508, stack(0x000000ae21900000,0x000000ae21a00000)]
  0x000002676dc1fcc0 JavaThread "RMI TCP Connection(idle)" daemon [_thread_blocked, id=4336, stack(0x000000ae22700000,0x000000ae22800000)]
  0x000002676dc1e980 JavaThread "RMI Scheduler(0)" daemon [_thread_blocked, id=16228, stack(0x000000ae22a00000,0x000000ae22b00000)]
  0x000002676dc20190 JavaThread "RMI TCP Connection(2)-127.0.0.1" daemon [_thread_in_native, id=1552, stack(0x000000ae22b00000,0x000000ae22c00000)]
  0x000002676dc20660 JavaThread "JMX server connection timeout 31" daemon [_thread_blocked, id=12524, stack(0x000000ae22c00000,0x000000ae22d00000)]
  0x000002676dc1d640 JavaThread "testdb housekeeper" daemon [_thread_blocked, id=17092, stack(0x000000ae22d00000,0x000000ae22e00000)]
  0x000002676ecd7070 JavaThread "Catalina-utility-1" [_thread_blocked, id=18408, stack(0x000000ae22f00000,0x000000ae23000000)]
  0x000002676ecdaf00 JavaThread "Catalina-utility-2" [_thread_blocked, id=23240, stack(0x000000ae23000000,0x000000ae23100000)]
  0x000002676ecddf20 JavaThread "container-0" [_thread_blocked, id=7148, stack(0x000000ae23100000,0x000000ae23200000)]
  0x000002676ecda090 JavaThread "File Watcher" daemon [_thread_blocked, id=20032, stack(0x000000ae22e00000,0x000000ae22f00000)]
  0x000002676ecde3f0 JavaThread "Live Reload Server" daemon [_thread_in_native, id=27084, stack(0x000000ae23300000,0x000000ae23400000)]
  0x000002676ecdda50 JavaThread "MessageBroker-1" [_thread_blocked, id=23276, stack(0x000000ae23200000,0x000000ae23300000)]
  0x000002676ecdd580 JavaThread "http-nio-8080-exec-1" daemon [_thread_blocked, id=21732, stack(0x000000ae23400000,0x000000ae23500000)]
  0x000002676ecdb3d0 JavaThread "http-nio-8080-exec-2" daemon [_thread_blocked, id=22632, stack(0x000000ae23500000,0x000000ae23600000)]
  0x000002676ecd7a10 JavaThread "http-nio-8080-exec-3" daemon [_thread_blocked, id=13648, stack(0x000000ae23600000,0x000000ae23700000)]
  0x000002676ecdc240 JavaThread "http-nio-8080-exec-4" daemon [_thread_blocked, id=6976, stack(0x000000ae23700000,0x000000ae23800000)]
  0x000002676ecd83b0 JavaThread "http-nio-8080-exec-5" daemon [_thread_blocked, id=2764, stack(0x000000ae23800000,0x000000ae23900000)]
  0x000002676ecdaa30 JavaThread "http-nio-8080-exec-6" daemon [_thread_blocked, id=3972, stack(0x000000ae23900000,0x000000ae23a00000)]
  0x000002676ecd9220 JavaThread "http-nio-8080-exec-7" daemon [_thread_blocked, id=23380, stack(0x000000ae23a00000,0x000000ae23b00000)]
  0x000002676ecdc710 JavaThread "http-nio-8080-exec-8" daemon [_thread_blocked, id=19740, stack(0x000000ae23b00000,0x000000ae23c00000)]
  0x000002676ecd8d50 JavaThread "http-nio-8080-exec-9" daemon [_thread_blocked, id=24212, stack(0x000000ae23c00000,0x000000ae23d00000)]
  0x000002676ecd96f0 JavaThread "http-nio-8080-exec-10" daemon [_thread_blocked, id=18808, stack(0x000000ae23d00000,0x000000ae23e00000)]
  0x000002676ecdd0b0 JavaThread "http-nio-8080-Poller" daemon [_thread_in_native, id=18012, stack(0x000000ae23e00000,0x000000ae23f00000)]
  0x000002676ecda560 JavaThread "http-nio-8080-Acceptor" daemon [_thread_in_native, id=17260, stack(0x000000ae23f00000,0x000000ae24000000)]
  0x000002676dc1dfe0 JavaThread "DestroyJavaVM" [_thread_blocked, id=24928, stack(0x000000ae20100000,0x000000ae20200000)]
  0x000002677575d5c0 JavaThread "MessageBroker-2" [_thread_blocked, id=19672, stack(0x000000ae1ff00000,0x000000ae20000000)]
  0x000002677575bdb0 JavaThread "MessageBroker-3" [_thread_blocked, id=17044, stack(0x000000ae1fe00000,0x000000ae1ff00000)]
  0x000002677575c280 JavaThread "MessageBroker-4" [_thread_blocked, id=21344, stack(0x000000ae20000000,0x000000ae20100000)]
  0x000002677575e900 JavaThread "MessageBroker-6" [_thread_blocked, id=7824, stack(0x000000ae22600000,0x000000ae22700000)]
  0x000002677575b410 JavaThread "MessageBroker-5" [_thread_blocked, id=6064, stack(0x000000ae24000000,0x000000ae24100000)]
  0x0000026775757a50 JavaThread "WebSocket background processing" daemon [_thread_blocked, id=11532, stack(0x000000ae24100000,0x000000ae24200000)]
  0x0000026775757f20 JavaThread "clientInboundChannel-1" [_thread_blocked, id=26368, stack(0x000000ae24200000,0x000000ae24300000)]
  0x000002677575df60 JavaThread "clientInboundChannel-2" [_thread_blocked, id=23168, stack(0x000000ae24300000,0x000000ae24400000)]
  0x000002677575c750 JavaThread "clientInboundChannel-3" [_thread_blocked, id=28484, stack(0x000000ae24400000,0x000000ae24500000)]
  0x000002677575cc20 JavaThread "clientOutboundChannel-1" [_thread_blocked, id=25428, stack(0x000000ae24500000,0x000000ae24600000)]
  0x000002677575da90 JavaThread "MessageBroker-7" [_thread_blocked, id=26576, stack(0x000000ae24600000,0x000000ae24700000)]

Other Threads:
  0x000002676c273440 VMThread "VM Thread" [stack: 0x000000ae20700000,0x000000ae20800000] [id=3632]
  0x000002674f161340 WatcherThread [stack: 0x000000ae21a00000,0x000000ae21b00000] [id=1084]
  0x000002674f132ee0 GCTaskThread "GC Thread#0" [stack: 0x000000ae20200000,0x000000ae20300000] [id=20428]
  0x000002676de36670 GCTaskThread "GC Thread#1" [stack: 0x000000ae21b00000,0x000000ae21c00000] [id=18972]
  0x000002676e058630 GCTaskThread "GC Thread#2" [stack: 0x000000ae21c00000,0x000000ae21d00000] [id=8688]
  0x000002676e617470 GCTaskThread "GC Thread#3" [stack: 0x000000ae21d00000,0x000000ae21e00000] [id=23184]
  0x000002676e258d00 GCTaskThread "GC Thread#4" [stack: 0x000000ae21e00000,0x000000ae21f00000] [id=2492]
  0x000002676e2174f0 GCTaskThread "GC Thread#5" [stack: 0x000000ae21f00000,0x000000ae22000000] [id=10068]
  0x000002676dae8c70 GCTaskThread "GC Thread#6" [stack: 0x000000ae22000000,0x000000ae22100000] [id=9124]
  0x000002676e0c61e0 GCTaskThread "GC Thread#7" [stack: 0x000000ae22100000,0x000000ae22200000] [id=11320]
  0x000002676e0c6490 GCTaskThread "GC Thread#8" [stack: 0x000000ae22200000,0x000000ae22300000] [id=22680]
  0x000002676da622e0 GCTaskThread "GC Thread#9" [stack: 0x000000ae22300000,0x000000ae22400000] [id=19360]
  0x000002674f13f9e0 ConcurrentGCThread "G1 Main Marker" [stack: 0x000000ae20300000,0x000000ae20400000] [id=3008]
  0x000002674f1403f0 ConcurrentGCThread "G1 Conc#0" [stack: 0x000000ae20400000,0x000000ae20500000] [id=17036]
  0x0000026770430fb0 ConcurrentGCThread "G1 Conc#1" [stack: 0x000000ae22800000,0x000000ae22900000] [id=28388]
  0x0000026770613de0 ConcurrentGCThread "G1 Conc#2" [stack: 0x000000ae22900000,0x000000ae22a00000] [id=13028]
  0x000002674f18e1d0 ConcurrentGCThread "G1 Refine#0" [stack: 0x000000ae20500000,0x000000ae20600000] [id=27384]
  0x000002676e0b85c0 ConcurrentGCThread "G1 Refine#1" [stack: 0x000000ae22400000,0x000000ae22500000] [id=14492]
  0x000002674f18ebf0 ConcurrentGCThread "G1 Service" [stack: 0x000000ae20600000,0x000000ae20700000] [id=16556]

Threads with active compile tasks:
C2 CompilerThread0    85169 9882       4       sun.net.util.URLUtil::urlNoFragString (114 bytes)

VM state: not at safepoint (normal execution)

VM Mutex/Monitor currently owned by a thread: None

Heap address: 0x00000000a2200000, size: 1502 MB, Compressed Oops mode: 32-bit

CDS archive(s) mapped at: [0x0000000800000000-0x0000000800bd0000-0x0000000800bd0000), size 12386304, SharedBaseAddress: 0x0000000800000000, ArchiveRelocationMode: 0.
Compressed class space mapped at: 0x0000000800c00000-0x0000000840c00000, reserved size: 1073741824
Narrow klass base: 0x0000000800000000, Narrow klass shift: 0, Narrow klass range: 0x100000000

GC Precious Log:
 CPUs: 12 total, 12 available
 Memory: 6005M
 Large Page Support: Disabled
 NUMA Support: Disabled
 Compressed Oops: Enabled (32-bit)
 Heap Region Size: 1M
 Heap Min Capacity: 8M
 Heap Initial Capacity: 94M
 Heap Max Capacity: 1502M
 Pre-touch: Disabled
 Parallel Workers: 10
 Concurrent Workers: 3
 Concurrent Refinement Workers: 10
 Periodic GC: Disabled

Heap:
 garbage-first heap   total 161792K, used 71689K [0x00000000a2200000, 0x0000000100000000)
  region size 1024K, 21 young (21504K), 1 survivors (1024K)
 Metaspace       used 92687K, committed 93504K, reserved 1130496K
  class space    used 12654K, committed 13056K, reserved 1048576K

Heap Regions: E=young(eden), S=young(survivor), O=old, HS=humongous(starts), HC=humongous(continues), CS=collection set, F=free, OA=open archive, CA=closed archive, TAMS=top-at-mark-start (previous, next)
|   0|0x00000000a2200000, 0x00000000a2300000, 0x00000000a2300000|100%|HS|  |TAMS 0x00000000a2300000, 0x00000000a2200000| Complete 
|   1|0x00000000a2300000, 0x00000000a2400000, 0x00000000a2400000|100%| O|  |TAMS 0x00000000a2400000, 0x00000000a2300000| Untracked 
|   2|0x00000000a2400000, 0x00000000a2500000, 0x00000000a2500000|100%| O|  |TAMS 0x00000000a2500000, 0x00000000a2400000| Untracked 
|   3|0x00000000a2500000, 0x00000000a2600000, 0x00000000a2600000|100%| O|  |TAMS 0x00000000a2600000, 0x00000000a2500000| Untracked 
|   4|0x00000000a2600000, 0x00000000a2700000, 0x00000000a2700000|100%| O|  |TAMS 0x00000000a2700000, 0x00000000a2600000| Untracked 
|   5|0x00000000a2700000, 0x00000000a2800000, 0x00000000a2800000|100%| O|  |TAMS 0x00000000a2800000, 0x00000000a2700000| Untracked 
|   6|0x00000000a2800000, 0x00000000a2900000, 0x00000000a2900000|100%| O|  |TAMS 0x00000000a2900000, 0x00000000a2800000| Untracked 
|   7|0x00000000a2900000, 0x00000000a2a00000, 0x00000000a2a00000|100%| O|  |TAMS 0x00000000a2a00000, 0x00000000a2900000| Untracked 
|   8|0x00000000a2a00000, 0x00000000a2b00000, 0x00000000a2b00000|100%| O|  |TAMS 0x00000000a2b00000, 0x00000000a2a00000| Untracked 
|   9|0x00000000a2b00000, 0x00000000a2beb200, 0x00000000a2c00000| 91%| O|  |TAMS 0x00000000a2beb200, 0x00000000a2b00000| Untracked 
|  10|0x00000000a2c00000, 0x00000000a2d00000, 0x00000000a2d00000|100%| O|  |TAMS 0x00000000a2d00000, 0x00000000a2c00000| Untracked 
|  11|0x00000000a2d00000, 0x00000000a2e00000, 0x00000000a2e00000|100%| O|  |TAMS 0x00000000a2e00000, 0x00000000a2d00000| Untracked 
|  12|0x00000000a2e00000, 0x00000000a2f00000, 0x00000000a2f00000|100%| O|  |TAMS 0x00000000a2e00000, 0x00000000a2e00000| Untracked 
|  13|0x00000000a2f00000, 0x00000000a2f00000, 0x00000000a3000000|  0%| F|  |TAMS 0x00000000a2f00000, 0x00000000a2f00000| Untracked 
|  14|0x00000000a3000000, 0x00000000a3100000, 0x00000000a3100000|100%| O|  |TAMS 0x00000000a3100000, 0x00000000a3000000| Untracked 
|  15|0x00000000a3100000, 0x00000000a3200000, 0x00000000a3200000|100%| O|  |TAMS 0x00000000a3200000, 0x00000000a3100000| Untracked 
|  16|0x00000000a3200000, 0x00000000a3300000, 0x00000000a3300000|100%| O|  |TAMS 0x00000000a3300000, 0x00000000a3200000| Untracked 
|  17|0x00000000a3300000, 0x00000000a3400000, 0x00000000a3400000|100%| O|  |TAMS 0x00000000a3400000, 0x00000000a3300000| Untracked 
|  18|0x00000000a3400000, 0x00000000a3500000, 0x00000000a3500000|100%| O|  |TAMS 0x00000000a3500000, 0x00000000a3400000| Untracked 
|  19|0x00000000a3500000, 0x00000000a3600000, 0x00000000a3600000|100%| O|  |TAMS 0x00000000a3600000, 0x00000000a3500000| Untracked 
|  20|0x00000000a3600000, 0x00000000a3700000, 0x00000000a3700000|100%| O|  |TAMS 0x00000000a3700000, 0x00000000a3600000| Untracked 
|  21|0x00000000a3700000, 0x00000000a3800000, 0x00000000a3800000|100%| O|  |TAMS 0x00000000a3800000, 0x00000000a3700000| Untracked 
|  22|0x00000000a3800000, 0x00000000a3900000, 0x00000000a3900000|100%| O|  |TAMS 0x00000000a3900000, 0x00000000a3800000| Untracked 
|  23|0x00000000a3900000, 0x00000000a3a00000, 0x00000000a3a00000|100%| O|  |TAMS 0x00000000a3a00000, 0x00000000a3900000| Untracked 
|  24|0x00000000a3a00000, 0x00000000a3b00000, 0x00000000a3b00000|100%| O|  |TAMS 0x00000000a3b00000, 0x00000000a3a00000| Untracked 
|  25|0x00000000a3b00000, 0x00000000a3c00000, 0x00000000a3c00000|100%| O|  |TAMS 0x00000000a3c00000, 0x00000000a3b00000| Untracked 
|  26|0x00000000a3c00000, 0x00000000a3d00000, 0x00000000a3d00000|100%| O|  |TAMS 0x00000000a3d00000, 0x00000000a3c00000| Untracked 
|  27|0x00000000a3d00000, 0x00000000a3e00000, 0x00000000a3e00000|100%| O|  |TAMS 0x00000000a3e00000, 0x00000000a3d00000| Untracked 
|  28|0x00000000a3e00000, 0x00000000a3f00000, 0x00000000a3f00000|100%| O|  |TAMS 0x00000000a3f00000, 0x00000000a3e00000| Untracked 
|  29|0x00000000a3f00000, 0x00000000a4000000, 0x00000000a4000000|100%| O|  |TAMS 0x00000000a4000000, 0x00000000a3f00000| Untracked 
|  30|0x00000000a4000000, 0x00000000a4100000, 0x00000000a4100000|100%| O|  |TAMS 0x00000000a4100000, 0x00000000a4000000| Untracked 
|  31|0x00000000a4100000, 0x00000000a4200000, 0x00000000a4200000|100%| O|  |TAMS 0x00000000a4200000, 0x00000000a4100000| Untracked 
|  32|0x00000000a4200000, 0x00000000a4300000, 0x00000000a4300000|100%| O|  |TAMS 0x00000000a4300000, 0x00000000a4200000| Untracked 
|  33|0x00000000a4300000, 0x00000000a4400000, 0x00000000a4400000|100%| O|  |TAMS 0x00000000a4400000, 0x00000000a4300000| Untracked 
|  34|0x00000000a4400000, 0x00000000a4500000, 0x00000000a4500000|100%| O|  |TAMS 0x00000000a4500000, 0x00000000a4400000| Untracked 
|  35|0x00000000a4500000, 0x00000000a4600000, 0x00000000a4600000|100%| O|  |TAMS 0x00000000a4600000, 0x00000000a4500000| Untracked 
|  36|0x00000000a4600000, 0x00000000a4700000, 0x00000000a4700000|100%| O|  |TAMS 0x00000000a4700000, 0x00000000a4600000| Untracked 
|  37|0x00000000a4700000, 0x00000000a4800000, 0x00000000a4800000|100%| O|  |TAMS 0x00000000a4800000, 0x00000000a4700000| Untracked 
|  38|0x00000000a4800000, 0x00000000a4900000, 0x00000000a4900000|100%| O|  |TAMS 0x00000000a4900000, 0x00000000a4800000| Untracked 
|  39|0x00000000a4900000, 0x00000000a4a00000, 0x00000000a4a00000|100%| O|  |TAMS 0x00000000a4a00000, 0x00000000a4900000| Untracked 
|  40|0x00000000a4a00000, 0x00000000a4b00000, 0x00000000a4b00000|100%| O|  |TAMS 0x00000000a4b00000, 0x00000000a4a00000| Untracked 
|  41|0x00000000a4b00000, 0x00000000a4c00000, 0x00000000a4c00000|100%| O|  |TAMS 0x00000000a4c00000, 0x00000000a4b00000| Untracked 
|  42|0x00000000a4c00000, 0x00000000a4d00000, 0x00000000a4d00000|100%| O|  |TAMS 0x00000000a4d00000, 0x00000000a4c00000| Untracked 
|  43|0x00000000a4d00000, 0x00000000a4e00000, 0x00000000a4e00000|100%| O|  |TAMS 0x00000000a4e00000, 0x00000000a4d00000| Untracked 
|  44|0x00000000a4e00000, 0x00000000a4f00000, 0x00000000a4f00000|100%| O|  |TAMS 0x00000000a4f00000, 0x00000000a4e00000| Untracked 
|  45|0x00000000a4f00000, 0x00000000a5000000, 0x00000000a5000000|100%| O|  |TAMS 0x00000000a5000000, 0x00000000a4f00000| Untracked 
|  46|0x00000000a5000000, 0x00000000a5100000, 0x00000000a5100000|100%| O|  |TAMS 0x00000000a5014400, 0x00000000a5000000| Untracked 
|  47|0x00000000a5100000, 0x00000000a5200000, 0x00000000a5200000|100%| O|  |TAMS 0x00000000a5100000, 0x00000000a5100000| Untracked 
|  48|0x00000000a5200000, 0x00000000a5300000, 0x00000000a5300000|100%| O|  |TAMS 0x00000000a5200000, 0x00000000a5200000| Untracked 
|  49|0x00000000a5300000, 0x00000000a5400000, 0x00000000a5400000|100%| O|  |TAMS 0x00000000a5300000, 0x00000000a5300000| Untracked 
|  50|0x00000000a5400000, 0x00000000a5500000, 0x00000000a5500000|100%| O|  |TAMS 0x00000000a5400000, 0x00000000a5400000| Untracked 
|  51|0x00000000a5500000, 0x00000000a553da00, 0x00000000a5600000| 24%| O|  |TAMS 0x00000000a5500000, 0x00000000a5500000| Untracked 
|  52|0x00000000a5600000, 0x00000000a5600000, 0x00000000a5700000|  0%| F|  |TAMS 0x00000000a5600000, 0x00000000a5600000| Untracked 
|  53|0x00000000a5700000, 0x00000000a5700000, 0x00000000a5800000|  0%| F|  |TAMS 0x00000000a5700000, 0x00000000a5700000| Untracked 
|  54|0x00000000a5800000, 0x00000000a5800000, 0x00000000a5900000|  0%| F|  |TAMS 0x00000000a5800000, 0x00000000a5800000| Untracked 
|  55|0x00000000a5900000, 0x00000000a5900000, 0x00000000a5a00000|  0%| F|  |TAMS 0x00000000a5900000, 0x00000000a5900000| Untracked 
|  56|0x00000000a5a00000, 0x00000000a5a00000, 0x00000000a5b00000|  0%| F|  |TAMS 0x00000000a5a00000, 0x00000000a5a00000| Untracked 
|  57|0x00000000a5b00000, 0x00000000a5b00000, 0x00000000a5c00000|  0%| F|  |TAMS 0x00000000a5b00000, 0x00000000a5b00000| Untracked 
|  58|0x00000000a5c00000, 0x00000000a5c00000, 0x00000000a5d00000|  0%| F|  |TAMS 0x00000000a5c00000, 0x00000000a5c00000| Untracked 
|  59|0x00000000a5d00000, 0x00000000a5d00000, 0x00000000a5e00000|  0%| F|  |TAMS 0x00000000a5d00000, 0x00000000a5d00000| Untracked 
|  60|0x00000000a5e00000, 0x00000000a5e00000, 0x00000000a5f00000|  0%| F|  |TAMS 0x00000000a5e00000, 0x00000000a5e00000| Untracked 
|  61|0x00000000a5f00000, 0x00000000a5f00000, 0x00000000a6000000|  0%| F|  |TAMS 0x00000000a5f00000, 0x00000000a5f00000| Untracked 
|  62|0x00000000a6000000, 0x00000000a6000000, 0x00000000a6100000|  0%| F|  |TAMS 0x00000000a6000000, 0x00000000a6000000| Untracked 
|  63|0x00000000a6100000, 0x00000000a6100000, 0x00000000a6200000|  0%| F|  |TAMS 0x00000000a6100000, 0x00000000a6100000| Untracked 
|  64|0x00000000a6200000, 0x00000000a6200000, 0x00000000a6300000|  0%| F|  |TAMS 0x00000000a6200000, 0x00000000a6200000| Untracked 
|  65|0x00000000a6300000, 0x00000000a6300000, 0x00000000a6400000|  0%| F|  |TAMS 0x00000000a6300000, 0x00000000a6300000| Untracked 
|  66|0x00000000a6400000, 0x00000000a6400000, 0x00000000a6500000|  0%| F|  |TAMS 0x00000000a6400000, 0x00000000a6400000| Untracked 
|  67|0x00000000a6500000, 0x00000000a6500000, 0x00000000a6600000|  0%| F|  |TAMS 0x00000000a6500000, 0x00000000a6500000| Untracked 
|  68|0x00000000a6600000, 0x00000000a6600000, 0x00000000a6700000|  0%| F|  |TAMS 0x00000000a6600000, 0x00000000a6600000| Untracked 
|  69|0x00000000a6700000, 0x00000000a6700000, 0x00000000a6800000|  0%| F|  |TAMS 0x00000000a6700000, 0x00000000a6700000| Untracked 
|  70|0x00000000a6800000, 0x00000000a6800000, 0x00000000a6900000|  0%| F|  |TAMS 0x00000000a6800000, 0x00000000a6800000| Untracked 
|  71|0x00000000a6900000, 0x00000000a6900000, 0x00000000a6a00000|  0%| F|  |TAMS 0x00000000a6900000, 0x00000000a6900000| Untracked 
|  72|0x00000000a6a00000, 0x00000000a6a00000, 0x00000000a6b00000|  0%| F|  |TAMS 0x00000000a6a00000, 0x00000000a6a00000| Untracked 
|  73|0x00000000a6b00000, 0x00000000a6b00000, 0x00000000a6c00000|  0%| F|  |TAMS 0x00000000a6b00000, 0x00000000a6b00000| Untracked 
|  74|0x00000000a6c00000, 0x00000000a6c00000, 0x00000000a6d00000|  0%| F|  |TAMS 0x00000000a6c00000, 0x00000000a6c00000| Untracked 
|  75|0x00000000a6d00000, 0x00000000a6d00000, 0x00000000a6e00000|  0%| F|  |TAMS 0x00000000a6d00000, 0x00000000a6d00000| Untracked 
|  76|0x00000000a6e00000, 0x00000000a6e00000, 0x00000000a6f00000|  0%| F|  |TAMS 0x00000000a6e00000, 0x00000000a6e00000| Untracked 
|  77|0x00000000a6f00000, 0x00000000a6f00000, 0x00000000a7000000|  0%| F|  |TAMS 0x00000000a6f00000, 0x00000000a6f00000| Untracked 
|  78|0x00000000a7000000, 0x00000000a7000000, 0x00000000a7100000|  0%| F|  |TAMS 0x00000000a7000000, 0x00000000a7000000| Untracked 
|  79|0x00000000a7100000, 0x00000000a7100000, 0x00000000a7200000|  0%| F|  |TAMS 0x00000000a7100000, 0x00000000a7100000| Untracked 
|  80|0x00000000a7200000, 0x00000000a7200000, 0x00000000a7300000|  0%| F|  |TAMS 0x00000000a7200000, 0x00000000a7200000| Untracked 
|  81|0x00000000a7300000, 0x00000000a7300000, 0x00000000a7400000|  0%| F|  |TAMS 0x00000000a7300000, 0x00000000a7300000| Untracked 
|  82|0x00000000a7400000, 0x00000000a7400000, 0x00000000a7500000|  0%| F|  |TAMS 0x00000000a7400000, 0x00000000a7400000| Untracked 
|  83|0x00000000a7500000, 0x00000000a7500000, 0x00000000a7600000|  0%| F|  |TAMS 0x00000000a7500000, 0x00000000a7500000| Untracked 
|  84|0x00000000a7600000, 0x00000000a7600000, 0x00000000a7700000|  0%| F|  |TAMS 0x00000000a7600000, 0x00000000a7600000| Untracked 
|  85|0x00000000a7700000, 0x00000000a7700000, 0x00000000a7800000|  0%| F|  |TAMS 0x00000000a7700000, 0x00000000a7700000| Untracked 
|  86|0x00000000a7800000, 0x00000000a7800000, 0x00000000a7900000|  0%| F|  |TAMS 0x00000000a7800000, 0x00000000a7800000| Untracked 
|  87|0x00000000a7900000, 0x00000000a7900000, 0x00000000a7a00000|  0%| F|  |TAMS 0x00000000a7900000, 0x00000000a7900000| Untracked 
|  88|0x00000000a7a00000, 0x00000000a7a00000, 0x00000000a7b00000|  0%| F|  |TAMS 0x00000000a7a00000, 0x00000000a7a00000| Untracked 
|  89|0x00000000a7b00000, 0x00000000a7b00000, 0x00000000a7c00000|  0%| F|  |TAMS 0x00000000a7b00000, 0x00000000a7b00000| Untracked 
|  90|0x00000000a7c00000, 0x00000000a7c00000, 0x00000000a7d00000|  0%| F|  |TAMS 0x00000000a7c00000, 0x00000000a7c00000| Untracked 
|  91|0x00000000a7d00000, 0x00000000a7d00000, 0x00000000a7e00000|  0%| F|  |TAMS 0x00000000a7d00000, 0x00000000a7d00000| Untracked 
|  92|0x00000000a7e00000, 0x00000000a7e00000, 0x00000000a7f00000|  0%| F|  |TAMS 0x00000000a7e00000, 0x00000000a7e00000| Untracked 
|  93|0x00000000a7f00000, 0x00000000a7f00000, 0x00000000a8000000|  0%| F|  |TAMS 0x00000000a7f00000, 0x00000000a7f00000| Untracked 
|  94|0x00000000a8000000, 0x00000000a8000000, 0x00000000a8100000|  0%| F|  |TAMS 0x00000000a8000000, 0x00000000a8000000| Untracked 
|  95|0x00000000a8100000, 0x00000000a8100000, 0x00000000a8200000|  0%| F|  |TAMS 0x00000000a8100000, 0x00000000a8100000| Untracked 
|  96|0x00000000a8200000, 0x00000000a8200000, 0x00000000a8300000|  0%| F|  |TAMS 0x00000000a8200000, 0x00000000a8200000| Untracked 
|  97|0x00000000a8300000, 0x00000000a8300000, 0x00000000a8400000|  0%| F|  |TAMS 0x00000000a8300000, 0x00000000a8300000| Untracked 
|  98|0x00000000a8400000, 0x00000000a8400000, 0x00000000a8500000|  0%| F|  |TAMS 0x00000000a8400000, 0x00000000a8400000| Untracked 
|  99|0x00000000a8500000, 0x00000000a8500000, 0x00000000a8600000|  0%| F|  |TAMS 0x00000000a8500000, 0x00000000a8500000| Untracked 
| 100|0x00000000a8600000, 0x00000000a8600000, 0x00000000a8700000|  0%| F|  |TAMS 0x00000000a8600000, 0x00000000a8600000| Untracked 
| 101|0x00000000a8700000, 0x00000000a8700000, 0x00000000a8800000|  0%| F|  |TAMS 0x00000000a8700000, 0x00000000a8700000| Untracked 
| 102|0x00000000a8800000, 0x00000000a8800000, 0x00000000a8900000|  0%| F|  |TAMS 0x00000000a8800000, 0x00000000a8800000| Untracked 
| 103|0x00000000a8900000, 0x00000000a8900000, 0x00000000a8a00000|  0%| F|  |TAMS 0x00000000a8900000, 0x00000000a8900000| Untracked 
| 104|0x00000000a8a00000, 0x00000000a8a00000, 0x00000000a8b00000|  0%| F|  |TAMS 0x00000000a8a00000, 0x00000000a8a00000| Untracked 
| 105|0x00000000a8b00000, 0x00000000a8b00000, 0x00000000a8c00000|  0%| F|  |TAMS 0x00000000a8b00000, 0x00000000a8b00000| Untracked 
| 106|0x00000000a8c00000, 0x00000000a8c00000, 0x00000000a8d00000|  0%| F|  |TAMS 0x00000000a8c00000, 0x00000000a8c00000| Untracked 
| 107|0x00000000a8d00000, 0x00000000a8d00000, 0x00000000a8e00000|  0%| F|  |TAMS 0x00000000a8d00000, 0x00000000a8d00000| Untracked 
| 108|0x00000000a8e00000, 0x00000000a8e00000, 0x00000000a8f00000|  0%| F|  |TAMS 0x00000000a8e00000, 0x00000000a8e00000| Untracked 
| 109|0x00000000a8f00000, 0x00000000a8f00000, 0x00000000a9000000|  0%| F|  |TAMS 0x00000000a8f00000, 0x00000000a8f00000| Untracked 
| 110|0x00000000a9000000, 0x00000000a9000000, 0x00000000a9100000|  0%| F|  |TAMS 0x00000000a9000000, 0x00000000a9000000| Untracked 
| 111|0x00000000a9100000, 0x00000000a9100000, 0x00000000a9200000|  0%| F|  |TAMS 0x00000000a9100000, 0x00000000a9100000| Untracked 
| 112|0x00000000a9200000, 0x00000000a9200000, 0x00000000a9300000|  0%| F|  |TAMS 0x00000000a9200000, 0x00000000a9200000| Untracked 
| 113|0x00000000a9300000, 0x00000000a9300000, 0x00000000a9400000|  0%| F|  |TAMS 0x00000000a9300000, 0x00000000a9300000| Untracked 
| 114|0x00000000a9400000, 0x00000000a9400000, 0x00000000a9500000|  0%| F|  |TAMS 0x00000000a9400000, 0x00000000a9400000| Untracked 
| 115|0x00000000a9500000, 0x00000000a9500000, 0x00000000a9600000|  0%| F|  |TAMS 0x00000000a9500000, 0x00000000a9500000| Untracked 
| 116|0x00000000a9600000, 0x00000000a9600000, 0x00000000a9700000|  0%| F|  |TAMS 0x00000000a9600000, 0x00000000a9600000| Untracked 
| 117|0x00000000a9700000, 0x00000000a9700000, 0x00000000a9800000|  0%| F|  |TAMS 0x00000000a9700000, 0x00000000a9700000| Untracked 
| 118|0x00000000a9800000, 0x00000000a9800000, 0x00000000a9900000|  0%| F|  |TAMS 0x00000000a9800000, 0x00000000a9800000| Untracked 
| 119|0x00000000a9900000, 0x00000000a9900000, 0x00000000a9a00000|  0%| F|  |TAMS 0x00000000a9900000, 0x00000000a9900000| Untracked 
| 120|0x00000000a9a00000, 0x00000000a9a00000, 0x00000000a9b00000|  0%| F|  |TAMS 0x00000000a9a00000, 0x00000000a9a00000| Untracked 
| 121|0x00000000a9b00000, 0x00000000a9b00000, 0x00000000a9c00000|  0%| F|  |TAMS 0x00000000a9b00000, 0x00000000a9b00000| Untracked 
| 122|0x00000000a9c00000, 0x00000000a9c00000, 0x00000000a9d00000|  0%| F|  |TAMS 0x00000000a9c00000, 0x00000000a9c00000| Untracked 
| 123|0x00000000a9d00000, 0x00000000a9d00000, 0x00000000a9e00000|  0%| F|  |TAMS 0x00000000a9d00000, 0x00000000a9d00000| Untracked 
| 124|0x00000000a9e00000, 0x00000000a9e00000, 0x00000000a9f00000|  0%| F|  |TAMS 0x00000000a9e00000, 0x00000000a9e00000| Untracked 
| 125|0x00000000a9f00000, 0x00000000a9f00000, 0x00000000aa000000|  0%| F|  |TAMS 0x00000000a9f00000, 0x00000000a9f00000| Untracked 
| 126|0x00000000aa000000, 0x00000000aa000000, 0x00000000aa100000|  0%| F|  |TAMS 0x00000000aa000000, 0x00000000aa000000| Untracked 
| 127|0x00000000aa100000, 0x00000000aa100000, 0x00000000aa200000|  0%| F|  |TAMS 0x00000000aa100000, 0x00000000aa100000| Untracked 
| 128|0x00000000aa200000, 0x00000000aa200000, 0x00000000aa300000|  0%| F|  |TAMS 0x00000000aa200000, 0x00000000aa200000| Untracked 
| 129|0x00000000aa300000, 0x00000000aa300000, 0x00000000aa400000|  0%| F|  |TAMS 0x00000000aa300000, 0x00000000aa300000| Untracked 
| 130|0x00000000aa400000, 0x00000000aa400000, 0x00000000aa500000|  0%| F|  |TAMS 0x00000000aa400000, 0x00000000aa400000| Untracked 
| 131|0x00000000aa500000, 0x00000000aa500000, 0x00000000aa600000|  0%| F|  |TAMS 0x00000000aa500000, 0x00000000aa500000| Untracked 
| 132|0x00000000aa600000, 0x00000000aa600000, 0x00000000aa700000|  0%| F|  |TAMS 0x00000000aa600000, 0x00000000aa600000| Untracked 
| 133|0x00000000aa700000, 0x00000000aa700000, 0x00000000aa800000|  0%| F|  |TAMS 0x00000000aa700000, 0x00000000aa700000| Untracked 
| 134|0x00000000aa800000, 0x00000000aa800000, 0x00000000aa900000|  0%| F|  |TAMS 0x00000000aa800000, 0x00000000aa800000| Untracked 
| 135|0x00000000aa900000, 0x00000000aa900000, 0x00000000aaa00000|  0%| F|  |TAMS 0x00000000aa900000, 0x00000000aa900000| Untracked 
| 136|0x00000000aaa00000, 0x00000000aaa00000, 0x00000000aab00000|  0%| F|  |TAMS 0x00000000aaa00000, 0x00000000aaa00000| Untracked 
| 137|0x00000000aab00000, 0x00000000aaba7288, 0x00000000aac00000| 65%| E|  |TAMS 0x00000000aab00000, 0x00000000aab00000| Complete 
| 138|0x00000000aac00000, 0x00000000aad00000, 0x00000000aad00000|100%| E|CS|TAMS 0x00000000aac00000, 0x00000000aac00000| Complete 
| 139|0x00000000aad00000, 0x00000000aae00000, 0x00000000aae00000|100%| E|CS|TAMS 0x00000000aad00000, 0x00000000aad00000| Complete 
| 140|0x00000000aae00000, 0x00000000aaf00000, 0x00000000aaf00000|100%| E|CS|TAMS 0x00000000aae00000, 0x00000000aae00000| Complete 
| 141|0x00000000aaf00000, 0x00000000ab000000, 0x00000000ab000000|100%| E|CS|TAMS 0x00000000aaf00000, 0x00000000aaf00000| Complete 
| 142|0x00000000ab000000, 0x00000000ab100000, 0x00000000ab100000|100%| E|CS|TAMS 0x00000000ab000000, 0x00000000ab000000| Complete 
| 143|0x00000000ab100000, 0x00000000ab200000, 0x00000000ab200000|100%| E|CS|TAMS 0x00000000ab100000, 0x00000000ab100000| Complete 
| 144|0x00000000ab200000, 0x00000000ab300000, 0x00000000ab300000|100%| E|CS|TAMS 0x00000000ab200000, 0x00000000ab200000| Complete 
| 145|0x00000000ab300000, 0x00000000ab400000, 0x00000000ab400000|100%| E|CS|TAMS 0x00000000ab300000, 0x00000000ab300000| Complete 
| 146|0x00000000ab400000, 0x00000000ab500000, 0x00000000ab500000|100%| E|CS|TAMS 0x00000000ab400000, 0x00000000ab400000| Complete 
| 147|0x00000000ab500000, 0x00000000ab600000, 0x00000000ab600000|100%| E|CS|TAMS 0x00000000ab500000, 0x00000000ab500000| Complete 
| 148|0x00000000ab600000, 0x00000000ab700000, 0x00000000ab700000|100%| E|CS|TAMS 0x00000000ab600000, 0x00000000ab600000| Complete 
| 149|0x00000000ab700000, 0x00000000ab800000, 0x00000000ab800000|100%| E|CS|TAMS 0x00000000ab700000, 0x00000000ab700000| Complete 
| 150|0x00000000ab800000, 0x00000000ab900000, 0x00000000ab900000|100%| E|CS|TAMS 0x00000000ab800000, 0x00000000ab800000| Complete 
| 151|0x00000000ab900000, 0x00000000aba00000, 0x00000000aba00000|100%| E|CS|TAMS 0x00000000ab900000, 0x00000000ab900000| Complete 
| 152|0x00000000aba00000, 0x00000000abb00000, 0x00000000abb00000|100%| E|CS|TAMS 0x00000000aba00000, 0x00000000aba00000| Complete 
| 153|0x00000000abb00000, 0x00000000abc00000, 0x00000000abc00000|100%| E|CS|TAMS 0x00000000abb00000, 0x00000000abb00000| Complete 
| 154|0x00000000abc00000, 0x00000000abd00000, 0x00000000abd00000|100%| E|CS|TAMS 0x00000000abc00000, 0x00000000abc00000| Complete 
| 155|0x00000000abd00000, 0x00000000abe00000, 0x00000000abe00000|100%| E|CS|TAMS 0x00000000abd00000, 0x00000000abd00000| Complete 
| 156|0x00000000abe00000, 0x00000000abed9a30, 0x00000000abf00000| 85%| S|CS|TAMS 0x00000000abe00000, 0x00000000abe00000| Complete 
| 157|0x00000000abf00000, 0x00000000ac000000, 0x00000000ac000000|100%| E|CS|TAMS 0x00000000abf00000, 0x00000000abf00000| Complete 

Card table byte_map: [0x0000026766180000,0x0000026766470000] _byte_map_base: 0x0000026765c6f000

Marking Bits (Prev, Next): (CMBitMap*) 0x000002674f133530, (CMBitMap*) 0x000002674f1334f0
 Prev Bits: [0x0000026767ee0000, 0x0000026769658000)
 Next Bits: [0x0000026766760000, 0x0000026767ed8000)

Polling page: 0x000002674e890000

Metaspace:

Usage:
  Non-class:     78.16 MB used.
      Class:     12.36 MB used.
       Both:     90.51 MB used.

Virtual space:
  Non-class space:       80.00 MB reserved,      78.56 MB ( 98%) committed,  10 nodes.
      Class space:        1.00 GB reserved,      12.75 MB (  1%) committed,  1 nodes.
             Both:        1.08 GB reserved,      91.31 MB (  8%) committed. 

Chunk freelists:
   Non-Class:  1.43 MB
       Class:  3.29 MB
        Both:  4.72 MB

MaxMetaspaceSize: unlimited
CompressedClassSpaceSize: 1.00 GB
Initial GC threshold: 21.00 MB
Current GC threshold: 139.00 MB
CDS: on
MetaspaceReclaimPolicy: balanced
 - commit_granule_bytes: 65536.
 - commit_granule_words: 8192.
 - virtual_space_node_default_size: 1048576.
 - enlarge_chunks_in_place: 1.
 - new_chunks_are_fully_committed: 0.
 - uncommit_free_chunks: 1.
 - use_allocation_guard: 0.
 - handle_deallocations: 1.


Internal statistics:

num_allocs_failed_limit: 6.
num_arena_births: 1202.
num_arena_deaths: 26.
num_vsnodes_births: 11.
num_vsnodes_deaths: 0.
num_space_committed: 1461.
num_space_uncommitted: 0.
num_chunks_returned_to_freelist: 45.
num_chunks_taken_from_freelist: 4692.
num_chunk_merges: 10.
num_chunk_splits: 3359.
num_chunks_enlarged: 2573.
num_purges: 4.
num_inconsistent_stats: 0.

CodeHeap 'non-profiled nmethods': size=120000Kb used=6225Kb max_used=6225Kb free=113774Kb
 bounds [0x000002675e410000, 0x000002675ea30000, 0x0000026765940000]
CodeHeap 'profiled nmethods': size=120000Kb used=16062Kb max_used=16062Kb free=103938Kb
 bounds [0x0000026756940000, 0x0000026757900000, 0x000002675de70000]
CodeHeap 'non-nmethods': size=5760Kb used=1465Kb max_used=1551Kb free=4294Kb
 bounds [0x000002675de70000, 0x000002675e0e0000, 0x000002675e410000]
 total_blobs=9390 nmethods=8650 adapters=651
 compilation: enabled
              stopped_count=0, restarted_count=0
 full_count=0

Compilation events (20 events):
Event: 84.545 Thread 0x000002676c299e00 9919       3       io.micrometer.core.instrument.MeterRegistry$$Lambda$1762/0x00000008017f0238::<init> (10 bytes)
Event: 84.545 Thread 0x000002676c299e00 nmethod 9919 0x00000267578ed690 code [0x00000267578ed820, 0x00000267578ed9d8]
Event: 84.545 Thread 0x000002676c299e00 9920       3       io.micrometer.core.instrument.Meter$Id::<init> (13 bytes)
Event: 84.545 Thread 0x000002676c299e00 nmethod 9920 0x00000267578eda90 code [0x00000267578edc20, 0x00000267578edda8]
Event: 84.545 Thread 0x000002676c299e00 9922       3       org.apache.tomcat.util.buf.MessageBytes::toBytesSimple (105 bytes)
Event: 84.546 Thread 0x000002676c299e00 nmethod 9922 0x00000267578ede90 code [0x00000267578ee0e0, 0x00000267578eed28]
Event: 84.546 Thread 0x000002676c299e00 9923       3       org.apache.tomcat.util.buf.MessageBytes::recycle (35 bytes)
Event: 84.546 Thread 0x000002676c299e00 nmethod 9923 0x00000267578ef190 code [0x00000267578ef340, 0x00000267578ef698]
Event: 84.546 Thread 0x000002676c299e00 9924       3       org.apache.tomcat.util.buf.ByteChunk::recycle (10 bytes)
Event: 84.546 Thread 0x000002676c299e00 nmethod 9924 0x00000267578ef810 code [0x00000267578ef9a0, 0x00000267578efb58]
Event: 84.554 Thread 0x000002676c299e00 9925       1       org.apache.tomcat.util.net.SocketWrapperBase::getSocket (5 bytes)
Event: 84.555 Thread 0x000002676c299e00 nmethod 9925 0x000002675ea1ae90 code [0x000002675ea1b020, 0x000002675ea1b0f8]
Event: 84.557 Thread 0x000002676c299e00 9926       3       java.util.concurrent.locks.AbstractQueuedSynchronizer::acquire (20 bytes)
Event: 84.558 Thread 0x000002676c299e00 nmethod 9926 0x00000267578efc10 code [0x00000267578efdc0, 0x00000267578f0038]
Event: 84.594 Thread 0x000002676c299e00 9927       1       java.lang.Thread::getThreadGroup (5 bytes)
Event: 84.594 Thread 0x000002676c299e00 nmethod 9927 0x000002675ea1b190 code [0x000002675ea1b320, 0x000002675ea1b3f8]
Event: 84.607 Thread 0x000002676c299360 nmethod 9850 0x000002675ea1be90 code [0x000002675ea1c280, 0x000002675ea20e18]
Event: 84.608 Thread 0x000002676c299360 9921       4       java.lang.invoke.VarHandle::checkExactAccessMode (28 bytes)
Event: 84.611 Thread 0x000002676c299360 nmethod 9921 0x000002675ea23b10 code [0x000002675ea23cc0, 0x000002675ea24328]
Event: 84.611 Thread 0x000002676c299360 9882       4       sun.net.util.URLUtil::urlNoFragString (114 bytes)

GC Heap History (20 events):
Event: 12.481 GC heap before
{Heap before GC invocations=31 (full 0):
 garbage-first heap   total 80896K, used 66000K [0x00000000a2200000, 0x0000000100000000)
  region size 1024K, 31 young (31744K), 4 survivors (4096K)
 Metaspace       used 79278K, committed 79872K, reserved 1122304K
  class space    used 10851K, committed 11136K, reserved 1048576K
}
Event: 12.484 GC heap after
{Heap after GC invocations=32 (full 0):
 garbage-first heap   total 80896K, used 40075K [0x00000000a2200000, 0x0000000100000000)
  region size 1024K, 3 young (3072K), 3 survivors (3072K)
 Metaspace       used 79278K, committed 79872K, reserved 1122304K
  class space    used 10851K, committed 11136K, reserved 1048576K
}
Event: 12.712 GC heap before
{Heap before GC invocations=32 (full 0):
 garbage-first heap   total 80896K, used 66699K [0x00000000a2200000, 0x0000000100000000)
  region size 1024K, 29 young (29696K), 3 survivors (3072K)
 Metaspace       used 79853K, committed 80448K, reserved 1122304K
  class space    used 10892K, committed 11136K, reserved 1048576K
}
Event: 12.715 GC heap after
{Heap after GC invocations=33 (full 0):
 garbage-first heap   total 80896K, used 41794K [0x00000000a2200000, 0x0000000100000000)
  region size 1024K, 4 young (4096K), 4 survivors (4096K)
 Metaspace       used 79853K, committed 80448K, reserved 1122304K
  class space    used 10892K, committed 11136K, reserved 1048576K
}
Event: 13.038 GC heap before
{Heap before GC invocations=34 (full 0):
 garbage-first heap   total 80896K, used 66370K [0x00000000a2200000, 0x0000000100000000)
  region size 1024K, 28 young (28672K), 4 survivors (4096K)
 Metaspace       used 80828K, committed 81472K, reserved 1122304K
  class space    used 11036K, committed 11328K, reserved 1048576K
}
Event: 13.042 GC heap after
{Heap after GC invocations=35 (full 0):
 garbage-first heap   total 80896K, used 43854K [0x00000000a2200000, 0x0000000100000000)
  region size 1024K, 4 young (4096K), 4 survivors (4096K)
 Metaspace       used 80828K, committed 81472K, reserved 1122304K
  class space    used 11036K, committed 11328K, reserved 1048576K
}
Event: 13.056 GC heap before
{Heap before GC invocations=35 (full 0):
 garbage-first heap   total 80896K, used 44878K [0x00000000a2200000, 0x0000000100000000)
  region size 1024K, 5 young (5120K), 4 survivors (4096K)
 Metaspace       used 80854K, committed 81472K, reserved 1122304K
  class space    used 11041K, committed 11328K, reserved 1048576K
}
Event: 13.059 GC heap after
{Heap after GC invocations=36 (full 0):
 garbage-first heap   total 80896K, used 43845K [0x00000000a2200000, 0x0000000100000000)
  region size 1024K, 1 young (1024K), 1 survivors (1024K)
 Metaspace       used 80854K, committed 81472K, reserved 1122304K
  class space    used 11041K, committed 11328K, reserved 1048576K
}
Event: 13.478 GC heap before
{Heap before GC invocations=36 (full 0):
 garbage-first heap   total 80896K, used 66373K [0x00000000a2200000, 0x0000000100000000)
  region size 1024K, 23 young (23552K), 1 survivors (1024K)
 Metaspace       used 82809K, committed 83456K, reserved 1122304K
  class space    used 11295K, committed 11584K, reserved 1048576K
}
Event: 13.481 GC heap after
{Heap after GC invocations=37 (full 0):
 garbage-first heap   total 80896K, used 44934K [0x00000000a2200000, 0x0000000100000000)
  region size 1024K, 2 young (2048K), 2 survivors (2048K)
 Metaspace       used 82809K, committed 83456K, reserved 1122304K
  class space    used 11295K, committed 11584K, reserved 1048576K
}
Event: 13.901 GC heap before
{Heap before GC invocations=38 (full 0):
 garbage-first heap   total 80896K, used 66438K [0x00000000a2200000, 0x0000000100000000)
  region size 1024K, 23 young (23552K), 2 survivors (2048K)
 Metaspace       used 83703K, committed 84288K, reserved 1122304K
  class space    used 11436K, committed 11712K, reserved 1048576K
}
Event: 13.904 GC heap after
{Heap after GC invocations=39 (full 0):
 garbage-first heap   total 80896K, used 46485K [0x00000000a2200000, 0x0000000100000000)
  region size 1024K, 2 young (2048K), 2 survivors (2048K)
 Metaspace       used 83703K, committed 84288K, reserved 1122304K
  class space    used 11436K, committed 11712K, reserved 1048576K
}
Event: 13.917 GC heap before
{Heap before GC invocations=39 (full 0):
 garbage-first heap   total 80896K, used 47509K [0x00000000a2200000, 0x0000000100000000)
  region size 1024K, 3 young (3072K), 2 survivors (2048K)
 Metaspace       used 83724K, committed 84352K, reserved 1122304K
  class space    used 11440K, committed 11712K, reserved 1048576K
}
Event: 13.919 GC heap after
{Heap after GC invocations=40 (full 0):
 garbage-first heap   total 80896K, used 46348K [0x00000000a2200000, 0x0000000100000000)
  region size 1024K, 1 young (1024K), 1 survivors (1024K)
 Metaspace       used 83724K, committed 84352K, reserved 1122304K
  class space    used 11440K, committed 11712K, reserved 1048576K
}
Event: 14.243 GC heap before
{Heap before GC invocations=40 (full 0):
 garbage-first heap   total 80896K, used 66828K [0x00000000a2200000, 0x0000000100000000)
  region size 1024K, 21 young (21504K), 1 survivors (1024K)
 Metaspace       used 84714K, committed 85312K, reserved 1122304K
  class space    used 11596K, committed 11904K, reserved 1048576K
}
Event: 14.246 GC heap after
{Heap after GC invocations=41 (full 0):
 garbage-first heap   total 161792K, used 47947K [0x00000000a2200000, 0x0000000100000000)
  region size 1024K, 2 young (2048K), 2 survivors (2048K)
 Metaspace       used 84714K, committed 85312K, reserved 1122304K
  class space    used 11596K, committed 11904K, reserved 1048576K
}
Event: 65.542 GC heap before
{Heap before GC invocations=42 (full 0):
 garbage-first heap   total 161792K, used 127819K [0x00000000a2200000, 0x0000000100000000)
  region size 1024K, 80 young (81920K), 2 survivors (2048K)
 Metaspace       used 89258K, committed 89920K, reserved 1130496K
  class space    used 12217K, committed 12544K, reserved 1048576K
}
Event: 65.549 GC heap after
{Heap after GC invocations=43 (full 0):
 garbage-first heap   total 161792K, used 51813K [0x00000000a2200000, 0x0000000100000000)
  region size 1024K, 6 young (6144K), 6 survivors (6144K)
 Metaspace       used 89258K, committed 89920K, reserved 1130496K
  class space    used 12217K, committed 12544K, reserved 1048576K
}
Event: 67.637 GC heap before
{Heap before GC invocations=43 (full 0):
 garbage-first heap   total 161792K, used 52837K [0x00000000a2200000, 0x0000000100000000)
  region size 1024K, 7 young (7168K), 6 survivors (6144K)
 Metaspace       used 89440K, committed 90176K, reserved 1130496K
  class space    used 12242K, committed 12608K, reserved 1048576K
}
Event: 67.643 GC heap after
{Heap after GC invocations=44 (full 0):
 garbage-first heap   total 161792K, used 52233K [0x00000000a2200000, 0x0000000100000000)
  region size 1024K, 1 young (1024K), 1 survivors (1024K)
 Metaspace       used 89440K, committed 90176K, reserved 1130496K
  class space    used 12242K, committed 12608K, reserved 1048576K
}

Deoptimization events (20 events):
Event: 84.495 Thread 0x000002676ecd9220 DEOPT PACKING pc=0x000002675e58be54 sp=0x000000ae23af8810
Event: 84.495 Thread 0x000002676ecd9220 DEOPT UNPACKING pc=0x000002675dec2b43 sp=0x000000ae23af7ca0 mode 1
Event: 84.495 Thread 0x000002676ecd9220 DEOPT PACKING pc=0x000002675e474c48 sp=0x000000ae23af8920
Event: 84.495 Thread 0x000002676ecd9220 DEOPT UNPACKING pc=0x000002675dec2b43 sp=0x000000ae23af7db8 mode 1
Event: 84.495 Thread 0x000002676ecd9220 DEOPT PACKING pc=0x000002675e58be54 sp=0x000000ae23af9290
Event: 84.495 Thread 0x000002676ecd9220 DEOPT UNPACKING pc=0x000002675dec2b43 sp=0x000000ae23af8720 mode 1
Event: 84.496 Thread 0x000002676ecd9220 DEOPT PACKING pc=0x0000026756f18921 sp=0x000000ae23af8640
Event: 84.496 Thread 0x000002676ecd9220 DEOPT UNPACKING pc=0x000002675dec2b43 sp=0x000000ae23af7b18 mode 1
Event: 84.496 Thread 0x000002676ecd9220 DEOPT PACKING pc=0x0000026756feb24c sp=0x000000ae23af86d0
Event: 84.496 Thread 0x000002676ecd9220 DEOPT UNPACKING pc=0x000002675dec2b43 sp=0x000000ae23af7c70 mode 1
Event: 84.496 Thread 0x000002676ecd9220 DEOPT PACKING pc=0x0000026756f1601c sp=0x000000ae23af8830
Event: 84.496 Thread 0x000002676ecd9220 DEOPT UNPACKING pc=0x000002675dec2b43 sp=0x000000ae23af7df0 mode 1
Event: 84.497 Thread 0x000002676ecd9220 DEOPT PACKING pc=0x000002675e474c48 sp=0x000000ae23af7f60
Event: 84.497 Thread 0x000002676ecd9220 DEOPT UNPACKING pc=0x000002675dec2b43 sp=0x000000ae23af73f8 mode 1
Event: 84.497 Thread 0x000002676ecd9220 DEOPT PACKING pc=0x000002675e58be54 sp=0x000000ae23af88d0
Event: 84.497 Thread 0x000002676ecd9220 DEOPT UNPACKING pc=0x000002675dec2b43 sp=0x000000ae23af7d60 mode 1
Event: 84.497 Thread 0x000002676ecd9220 DEOPT PACKING pc=0x000002675e474c48 sp=0x000000ae23af89e0
Event: 84.497 Thread 0x000002676ecd9220 DEOPT UNPACKING pc=0x000002675dec2b43 sp=0x000000ae23af7e78 mode 1
Event: 84.497 Thread 0x000002676ecd9220 DEOPT PACKING pc=0x000002675e58be54 sp=0x000000ae23af9350
Event: 84.497 Thread 0x000002676ecd9220 DEOPT UNPACKING pc=0x000002675dec2b43 sp=0x000000ae23af87e0 mode 1

Classes unloaded (13 events):
Event: 12.737 Thread 0x000002676c273440 Unloading class 0x00000008016d4000 'jdk/internal/reflect/GeneratedSerializationConstructorAccessor24'
Event: 13.510 Thread 0x000002676c273440 Unloading class 0x0000000801710c00 'jdk/internal/reflect/GeneratedSerializationConstructorAccessor36'
Event: 13.510 Thread 0x000002676c273440 Unloading class 0x0000000801710800 'jdk/internal/reflect/GeneratedSerializationConstructorAccessor35'
Event: 13.510 Thread 0x000002676c273440 Unloading class 0x0000000801710400 'jdk/internal/reflect/GeneratedSerializationConstructorAccessor34'
Event: 13.510 Thread 0x000002676c273440 Unloading class 0x00000008016d4000 'jdk/internal/reflect/GeneratedSerializationConstructorAccessor33'
Event: 13.510 Thread 0x000002676c273440 Unloading class 0x0000000801710000 'jdk/internal/reflect/GeneratedSerializationConstructorAccessor32'
Event: 13.510 Thread 0x000002676c273440 Unloading class 0x000000080170a800 'jdk/internal/reflect/GeneratedSerializationConstructorAccessor31'
Event: 13.510 Thread 0x000002676c273440 Unloading class 0x000000080170a400 'jdk/internal/reflect/GeneratedSerializationConstructorAccessor30'
Event: 13.510 Thread 0x000002676c273440 Unloading class 0x0000000801709800 'jdk/internal/reflect/GeneratedSerializationConstructorAccessor29'
Event: 13.510 Thread 0x000002676c273440 Unloading class 0x0000000801708800 'jdk/internal/reflect/GeneratedSerializationConstructorAccessor28'
Event: 13.510 Thread 0x000002676c273440 Unloading class 0x0000000801708400 'jdk/internal/reflect/GeneratedSerializationConstructorAccessor27'
Event: 13.510 Thread 0x000002676c273440 Unloading class 0x0000000801700000 'jdk/internal/reflect/GeneratedSerializationConstructorAccessor26'
Event: 13.510 Thread 0x000002676c273440 Unloading class 0x00000008016e9c00 'jdk/internal/reflect/GeneratedSerializationConstructorAccessor25'

Classes redefined (0 events):
No events

Internal exceptions (20 events):
Event: 16.923 Thread 0x000002676dc20190 Exception <a 'java/lang/ClassNotFoundException'{0x00000000a7f721b0}: org/springframework/boot/actuate/endpoint/jmx/DataEndpointMBean> (0x00000000a7f721b0) 
thrown [s\open\src\hotspot\share\classfile\systemDictionary.cpp, line 256]
Event: 16.923 Thread 0x000002676dc20190 Exception <a 'java/lang/ClassNotFoundException'{0x00000000a7f72578}: org/springframework/context/support/LiveBeansView> (0x00000000a7f72578) 
thrown [s\open\src\hotspot\share\classfile\systemDictionary.cpp, line 256]
Event: 16.923 Thread 0x000002676dc20190 Exception <a 'java/lang/ClassNotFoundException'{0x00000000a7f72930}: org/springframework/boot/actuate/endpoint/jmx/EndpointMBean> (0x00000000a7f72930) 
thrown [s\open\src\hotspot\share\classfile\systemDictionary.cpp, line 256]
Event: 16.923 Thread 0x000002676dc20190 Exception <a 'java/lang/ClassNotFoundException'{0x00000000a7f72ce8}: org/springframework/boot/actuate/endpoint/jmx/DataEndpointMBean> (0x00000000a7f72ce8) 
thrown [s\open\src\hotspot\share\classfile\systemDictionary.cpp, line 256]
Event: 16.923 Thread 0x000002676dc20190 Exception <a 'java/lang/ClassNotFoundException'{0x00000000a7f73098}: org/springframework/context/support/LiveBeansView> (0x00000000a7f73098) 
thrown [s\open\src\hotspot\share\classfile\systemDictionary.cpp, line 256]
Event: 16.923 Thread 0x000002676dc20190 Exception <a 'java/lang/ClassNotFoundException'{0x00000000a7f73450}: org/springframework/boot/actuate/endpoint/jmx/EndpointMBean> (0x00000000a7f73450) 
thrown [s\open\src\hotspot\share\classfile\systemDictionary.cpp, line 256]
Event: 16.923 Thread 0x000002676dc20190 Exception <a 'java/lang/ClassNotFoundException'{0x00000000a7f73a60}: org/springframework/boot/actuate/endpoint/jmx/DataEndpointMBean> (0x00000000a7f73a60) 
thrown [s\open\src\hotspot\share\classfile\systemDictionary.cpp, line 256]
Event: 16.923 Thread 0x000002676dc20190 Exception <a 'java/lang/ClassNotFoundException'{0x00000000a7f73e10}: org/springframework/context/support/LiveBeansView> (0x00000000a7f73e10) 
thrown [s\open\src\hotspot\share\classfile\systemDictionary.cpp, line 256]
Event: 16.930 Thread 0x000002676dc20190 Exception <a 'java/lang/NoSuchMethodError'{0x00000000a7f98f38}: 'double java.lang.invoke.DirectMethodHandle$Holder.invokeInterface(java.lang.Object, java.lang.Object)'> (0x00000000a7f98f38) 
thrown [s\open\src\hotspot\share\interpreter\linkResolver.cpp, line 759]
Event: 65.566 Thread 0x000002676ce95860 Exception <a 'java/lang/NoSuchMethodError'{0x00000000abf46438}: 'long java.lang.invoke.DirectMethodHandle$Holder.invokeStatic(java.lang.Object, java.lang.Object, java.lang.Object)'> (0x00000000abf46438) 
thrown [s\open\src\hotspot\share\interpreter\linkResolver.cpp, line 759]
Event: 75.113 Thread 0x000002676ecdda50 Exception <a 'java/lang/NoSuchMethodError'{0x00000000abb40500}: 'java.lang.Object java.lang.invoke.DirectMethodHandle$Holder.invokeSpecial(java.lang.Object, java.lang.Object, long, int, int, int, int, int, int, int, int, int)'> (0x00000000abb40500) 
thrown [s\open\src\hotspot\share\interpreter\linkResolver.cpp, line 759]
Event: 75.114 Thread 0x000002676ecdda50 Exception <a 'java/lang/NoSuchMethodError'{0x00000000abb44198}: 'java.lang.Object java.lang.invoke.DelegatingMethodHandle$Holder.reinvoke_L(java.lang.Object, long, int, int, int, int, int, int, int, int, int)'> (0x00000000abb44198) 
thrown [s\open\src\hotspot\share\interpreter\linkResolver.cpp, line 759]
Event: 77.877 Thread 0x000002676ecdd580 Exception <a 'java/lang/NoSuchMethodError'{0x00000000ab82c130}: 'java.lang.Object java.lang.invoke.DirectMethodHandle$Holder.invokeSpecial(java.lang.Object, java.lang.Object, java.lang.Object, java.lang.Object, java.lang.Object, long)'> (0x00000000ab82c130) 
thrown [s\open\src\hotspot\share\interpreter\linkResolver.cpp, line 759]
Event: 77.877 Thread 0x000002676ecdd580 Exception <a 'java/lang/NoSuchMethodError'{0x00000000ab82fb70}: 'java.lang.Object java.lang.invoke.Invokers$Holder.linkToTargetMethod(java.lang.Object, java.lang.Object, java.lang.Object, long, java.lang.Object)'> (0x00000000ab82fb70) 
thrown [s\open\src\hotspot\share\interpreter\linkResolver.cpp, line 759]
Event: 80.383 Thread 0x000002676ecd7a10 Exception <a 'java/lang/NoSuchMethodError'{0x00000000ab5059a8}: 'java.lang.Object java.lang.invoke.DirectMethodHandle$Holder.invokeStatic(java.lang.Object, int, int)'> (0x00000000ab5059a8) 
thrown [s\open\src\hotspot\share\interpreter\linkResolver.cpp, line 759]
Event: 82.709 Thread 0x000002676ecdb3d0 Exception <a 'sun/nio/fs/WindowsException'{0x00000000ab1fdd00}> (0x00000000ab1fdd00) 
thrown [s\open\src\hotspot\share\prims\jni.cpp, line 516]
Event: 82.731 Thread 0x000002676ecdb3d0 Exception <a 'java/lang/ClassNotFoundException'{0x00000000ab050448}: messages/messages> (0x00000000ab050448) 
thrown [s\open\src\hotspot\share\prims\jni.cpp, line 535]
Event: 82.747 Thread 0x000002676ecdb3d0 Exception <a 'java/lang/ClassNotFoundException'{0x00000000ab05c508}: messages/messages_es> (0x00000000ab05c508) 
thrown [s\open\src\hotspot\share\prims\jni.cpp, line 535]
Event: 82.747 Thread 0x000002676ecdb3d0 Exception <a 'java/lang/ClassNotFoundException'{0x00000000ab05ffd0}: messages/messages_es_ES> (0x00000000ab05ffd0) 
thrown [s\open\src\hotspot\share\prims\jni.cpp, line 535]
Event: 82.750 Thread 0x000002676ecdb3d0 Implicit null exception at 0x000002675e8a3e5b to 0x000002675e8a4338

VM Operations (20 events):
Event: 80.451 Executing VM operation: HandshakeAllThreads
Event: 80.451 Executing VM operation: HandshakeAllThreads done
Event: 80.462 Executing VM operation: HandshakeAllThreads
Event: 80.462 Executing VM operation: HandshakeAllThreads done
Event: 80.499 Executing VM operation: HandshakeAllThreads
Event: 80.499 Executing VM operation: HandshakeAllThreads done
Event: 81.504 Executing VM operation: Cleanup
Event: 81.504 Executing VM operation: Cleanup done
Event: 82.668 Executing VM operation: HandshakeAllThreads
Event: 82.668 Executing VM operation: HandshakeAllThreads done
Event: 82.668 Executing VM operation: Cleanup
Event: 82.669 Executing VM operation: Cleanup done
Event: 82.711 Executing VM operation: HandshakeAllThreads
Event: 82.711 Executing VM operation: HandshakeAllThreads done
Event: 82.720 Executing VM operation: HandshakeAllThreads
Event: 82.720 Executing VM operation: HandshakeAllThreads done
Event: 83.722 Executing VM operation: Cleanup
Event: 83.722 Executing VM operation: Cleanup done
Event: 84.434 Executing VM operation: HandshakeAllThreads
Event: 84.434 Executing VM operation: HandshakeAllThreads done

Events (20 events):
Event: 84.475 loading class java/util/zip/Deflater$DeflaterZStreamRef
Event: 84.476 loading class java/util/zip/Deflater$DeflaterZStreamRef done
Event: 84.552 loading class sun/nio/ch/IOVecWrapper
Event: 84.553 loading class sun/nio/ch/IOVecWrapper done
Event: 84.553 loading class sun/nio/ch/AllocatedNativeObject
Event: 84.553 loading class sun/nio/ch/NativeObject
Event: 84.554 loading class sun/nio/ch/NativeObject done
Event: 84.554 loading class sun/nio/ch/AllocatedNativeObject done
Event: 84.554 loading class sun/nio/ch/IOVecWrapper$Deallocator
Event: 84.554 loading class sun/nio/ch/IOVecWrapper$Deallocator done
Event: 84.557 Thread 0x000002677575e900 Thread added: 0x000002677575e900
Event: 84.558 Thread 0x000002677575b410 Thread added: 0x000002677575b410
Event: 84.560 Thread 0x0000026775757a50 Thread added: 0x0000026775757a50
Event: 84.570 loading class java/util/concurrent/LinkedBlockingQueue$Itr
Event: 84.571 loading class java/util/concurrent/LinkedBlockingQueue$Itr done
Event: 84.592 Thread 0x0000026775757f20 Thread added: 0x0000026775757f20
Event: 84.592 Thread 0x000002677575df60 Thread added: 0x000002677575df60
Event: 84.592 Thread 0x000002677575c750 Thread added: 0x000002677575c750
Event: 84.594 Thread 0x000002677575cc20 Thread added: 0x000002677575cc20
Event: 84.603 Thread 0x000002677575da90 Thread added: 0x000002677575da90


Dynamic libraries:
0x00007ff7feac0000 - 0x00007ff7fead0000 	C:\java\jdk-17.0.6\bin\java.exe
0x00007ffbf2ed0000 - 0x00007ffbf30e7000 	C:\WINDOWS\SYSTEM32\ntdll.dll
0x00007ffbf1400000 - 0x00007ffbf14c4000 	C:\WINDOWS\System32\KERNEL32.DLL
0x00007ffbf02f0000 - 0x00007ffbf06aa000 	C:\WINDOWS\System32\KERNELBASE.dll
0x00007ffbf0a10000 - 0x00007ffbf0b21000 	C:\WINDOWS\System32\ucrtbase.dll
0x00007ffbe7a60000 - 0x00007ffbe7a7b000 	C:\java\jdk-17.0.6\bin\VCRUNTIME140.dll
0x00007ffbe1bc0000 - 0x00007ffbe1bd8000 	C:\java\jdk-17.0.6\bin\jli.dll
0x00007ffbf14f0000 - 0x00007ffbf15a2000 	C:\WINDOWS\System32\ADVAPI32.dll
0x00007ffbf16e0000 - 0x00007ffbf1787000 	C:\WINDOWS\System32\msvcrt.dll
0x00007ffbf1f90000 - 0x00007ffbf2037000 	C:\WINDOWS\System32\sechost.dll
0x00007ffbf0820000 - 0x00007ffbf0848000 	C:\WINDOWS\System32\bcrypt.dll
0x00007ffbf15c0000 - 0x00007ffbf16d4000 	C:\WINDOWS\System32\RPCRT4.dll
0x00007ffbf0bd0000 - 0x00007ffbf0d7e000 	C:\WINDOWS\System32\USER32.dll
0x00007ffbf01a0000 - 0x00007ffbf01c6000 	C:\WINDOWS\System32\win32u.dll
0x00007ffbf2a40000 - 0x00007ffbf2a69000 	C:\WINDOWS\System32\GDI32.dll
0x00007ffbf01d0000 - 0x00007ffbf02eb000 	C:\WINDOWS\System32\gdi32full.dll
0x00007ffbf0b30000 - 0x00007ffbf0bca000 	C:\WINDOWS\System32\msvcp_win.dll
0x00007ffbd1920000 - 0x00007ffbd1bb2000 	C:\WINDOWS\WinSxS\amd64_microsoft.windows.common-controls_6595b64144ccf1df_6.0.22621.4541_none_2710d1c57384c085\COMCTL32.dll
0x00007ffbe3fc0000 - 0x00007ffbe3fca000 	C:\WINDOWS\SYSTEM32\VERSION.dll
0x00007ffbf2e50000 - 0x00007ffbf2e81000 	C:\WINDOWS\System32\IMM32.DLL
0x00007ffbebec0000 - 0x00007ffbebecc000 	C:\java\jdk-17.0.6\bin\vcruntime140_1.dll
0x00007ffbc9510000 - 0x00007ffbc959e000 	C:\java\jdk-17.0.6\bin\msvcp140.dll
0x00007ffb87d50000 - 0x00007ffb88927000 	C:\java\jdk-17.0.6\bin\server\jvm.dll
0x00007ffbf2930000 - 0x00007ffbf2938000 	C:\WINDOWS\System32\PSAPI.DLL
0x00007ffbe9340000 - 0x00007ffbe9349000 	C:\WINDOWS\SYSTEM32\WSOCK32.dll
0x00007ffbe7870000 - 0x00007ffbe78a4000 	C:\WINDOWS\SYSTEM32\WINMM.dll
0x00007ffbf1cb0000 - 0x00007ffbf1d21000 	C:\WINDOWS\System32\WS2_32.dll
0x00007ffbef1b0000 - 0x00007ffbef1c8000 	C:\WINDOWS\SYSTEM32\kernel.appcore.dll
0x00007ffbe1350000 - 0x00007ffbe135a000 	C:\java\jdk-17.0.6\bin\jimage.dll
0x00007ffbecfd0000 - 0x00007ffbed202000 	C:\WINDOWS\SYSTEM32\DBGHELP.DLL
0x00007ffbf2a70000 - 0x00007ffbf2dff000 	C:\WINDOWS\System32\combase.dll
0x00007ffbf0d90000 - 0x00007ffbf0e67000 	C:\WINDOWS\System32\OLEAUT32.dll
0x00007ffbd39d0000 - 0x00007ffbd3a02000 	C:\WINDOWS\SYSTEM32\dbgcore.DLL
0x00007ffbf0850000 - 0x00007ffbf08cb000 	C:\WINDOWS\System32\bcryptPrimitives.dll
0x00007ffbe0600000 - 0x00007ffbe063b000 	C:\java\jdk-17.0.6\bin\jdwp.dll
0x00007ffbe05d0000 - 0x00007ffbe05f5000 	C:\java\jdk-17.0.6\bin\java.dll
0x00007ffbb70a0000 - 0x00007ffbb7177000 	C:\java\jdk-17.0.6\bin\jsvml.dll
0x00007ffbf20b0000 - 0x00007ffbf2928000 	C:\WINDOWS\System32\SHELL32.dll
0x00007ffbee090000 - 0x00007ffbee998000 	C:\WINDOWS\SYSTEM32\windows.storage.dll
0x00007ffbedf50000 - 0x00007ffbee08f000 	C:\WINDOWS\SYSTEM32\wintypes.dll
0x00007ffbf19b0000 - 0x00007ffbf1aaa000 	C:\WINDOWS\System32\SHCORE.dll
0x00007ffbf1950000 - 0x00007ffbf19ae000 	C:\WINDOWS\System32\shlwapi.dll
0x00007ffbf00d0000 - 0x00007ffbf00fb000 	C:\WINDOWS\SYSTEM32\profapi.dll
0x00007ffbe1340000 - 0x00007ffbe134c000 	C:\java\jdk-17.0.6\bin\dt_socket.dll
0x00007ffbeec00000 - 0x00007ffbeec2d000 	C:\WINDOWS\SYSTEM32\IPHLPAPI.DLL
0x00007ffbef640000 - 0x00007ffbef6a9000 	C:\WINDOWS\system32\mswsock.dll
0x00007ffbeec70000 - 0x00007ffbeed72000 	C:\WINDOWS\SYSTEM32\DNSAPI.dll
0x00007ffbf1940000 - 0x00007ffbf1949000 	C:\WINDOWS\System32\NSI.dll
0x00007ffbeacf0000 - 0x00007ffbeacfa000 	C:\Windows\System32\rasadhlp.dll
0x00007ffbe7c00000 - 0x00007ffbe7c83000 	C:\WINDOWS\System32\fwpuclnt.dll
0x00007ffbde9e0000 - 0x00007ffbde9f9000 	C:\java\jdk-17.0.6\bin\net.dll
0x00007ffbea0d0000 - 0x00007ffbea206000 	C:\WINDOWS\SYSTEM32\WINHTTP.dll
0x00007ffbde9c0000 - 0x00007ffbde9d6000 	C:\java\jdk-17.0.6\bin\nio.dll
0x00007ffbde8e0000 - 0x00007ffbde8f8000 	C:\java\jdk-17.0.6\bin\zip.dll
0x00007ffbe1330000 - 0x00007ffbe133a000 	C:\java\jdk-17.0.6\bin\management.dll
0x00007ffbe1310000 - 0x00007ffbe131b000 	C:\java\jdk-17.0.6\bin\management_ext.dll
0x00007ffbd36e0000 - 0x00007ffbd36f7000 	C:\WINDOWS\system32\napinsp.dll
0x00007ffbd36c0000 - 0x00007ffbd36db000 	C:\WINDOWS\system32\pnrpnsp.dll
0x00007ffbd0b40000 - 0x00007ffbd0b51000 	C:\WINDOWS\System32\winrnr.dll
0x00007ffbe9f80000 - 0x00007ffbe9f95000 	C:\WINDOWS\system32\wshbth.dll
0x00007ffbd0af0000 - 0x00007ffbd0b17000 	C:\WINDOWS\system32\nlansp_c.dll
0x00007ffbef8b0000 - 0x00007ffbef8cb000 	C:\WINDOWS\SYSTEM32\CRYPTSP.dll
0x00007ffbef110000 - 0x00007ffbef145000 	C:\WINDOWS\system32\rsaenh.dll
0x00007ffbef750000 - 0x00007ffbef778000 	C:\WINDOWS\SYSTEM32\USERENV.dll
0x00007ffbef8d0000 - 0x00007ffbef8dc000 	C:\WINDOWS\SYSTEM32\CRYPTBASE.dll
0x00007ffbea510000 - 0x00007ffbea529000 	C:\WINDOWS\SYSTEM32\dhcpcsvc6.DLL
0x00007ffbe9fa0000 - 0x00007ffbe9fbf000 	C:\WINDOWS\SYSTEM32\dhcpcsvc.DLL
0x00007ffbe1160000 - 0x00007ffbe116d000 	C:\java\jdk-17.0.6\bin\sunmscapi.dll
0x00007ffbf06b0000 - 0x00007ffbf0816000 	C:\WINDOWS\System32\CRYPT32.dll
0x00007ffbefa70000 - 0x00007ffbefa9d000 	C:\WINDOWS\SYSTEM32\ncrypt.dll
0x00007ffbefa30000 - 0x00007ffbefa67000 	C:\WINDOWS\SYSTEM32\NTASN1.dll
0x00007ffbe0b40000 - 0x00007ffbe0b50000 	C:\java\jdk-17.0.6\bin\verify.dll
0x00007ffbd7150000 - 0x00007ffbd7158000 	C:\WINDOWS\system32\wshunix.dll

dbghelp: loaded successfully - version: 4.0.5 - missing functions: none
symbol engine: initialized successfully - sym options: 0x614 - pdb path: .;C:\java\jdk-17.0.6\bin;C:\WINDOWS\SYSTEM32;C:\WINDOWS\WinSxS\amd64_microsoft.windows.common-controls_6595b64144ccf1df_6.0.22621.4541_none_2710d1c57384c085;C:\java\jdk-17.0.6\bin\server

VM Arguments:
jvm_args: -agentlib:jdwp=transport=dt_socket,server=n,suspend=y,address=localhost:51468 -XX:+ShowCodeDetailsInExceptionMessages -Dspring.jmx.enabled=true -Dmanagement.endpoints.jmx.exposure.include=* -Dspring.application.admin.enabled=true -Dspring.boot.project.name=l7-5-2425-skull-king -Djava.rmi.server.hostname=localhost -Dcom.sun.management.jmxremote.port=45556 -Dcom.sun.management.jmxremote.authenticate=false -Dcom.sun.management.jmxremote.ssl=false 
java_command: es.us.dp1.lx_xy_24_25.your_game_name.GameApplication
java_class_path (initial): C:\Users\emman\OneDrive\Escritorio\proyectto DP1\DP1-2024-2025--l7-5\target\classes;C:\Users\emman\.m2\repository\org\springframework\boot\spring-boot-starter-cache\3.3.3\spring-boot-starter-cache-3.3.3.jar;C:\Users\emman\.m2\repository\org\springframework\boot\spring-boot-starter\3.3.3\spring-boot-starter-3.3.3.jar;C:\Users\emman\.m2\repository\org\springframework\boot\spring-boot-starter-logging\3.3.3\spring-boot-starter-logging-3.3.3.jar;C:\Users\emman\.m2\repository\ch\qos\logback\logback-classic\1.5.7\logback-classic-1.5.7.jar;C:\Users\emman\.m2\repository\ch\qos\logback\logback-core\1.5.7\logback-core-1.5.7.jar;C:\Users\emman\.m2\repository\org\apache\logging\log4j\log4j-to-slf4j\2.23.1\log4j-to-slf4j-2.23.1.jar;C:\Users\emman\.m2\repository\org\apache\logging\log4j\log4j-api\2.23.1\log4j-api-2.23.1.jar;C:\Users\emman\.m2\repository\org\slf4j\jul-to-slf4j\2.0.16\jul-to-slf4j-2.0.16.jar;C:\Users\emman\.m2\repository\jakarta\annotation\jakarta.annotation-api\2.1.1\jakarta.annotation-api-2.1.1.jar;C:\Users\emman\.m2\repository\org\yaml\snakeyaml\2.2\snakeyaml-2.2.jar;C:\Users\emman\.m2\repository\org\springframework\spring-context-support\6.1.12\spring-context-support-6.1.12.jar;C:\Users\emman\.m2\repository\org\springframework\boot\spring-boot-starter-data-jpa\3.3.3\spring-boot-starter-data-jpa-3.3.3.jar;C:\Users\emman\.m2\repository\org\springframework\boot\spring-boot-starter-aop\3.3.3\spring-boot-starter-aop-3.3.3.jar;C:\Users\emman\.m2\repository\org\aspectj\aspectjweaver\1.9.22.1\aspectjweaver-1.9.22.1.jar;C:\Users\emman\.m2\repository\org\springframework\boot\spring-boot-starter-jdbc\3.3.3\spring-boot-starter-jdbc-3.3.3.jar;C:\Users\emman\.m2\repository\com\zaxxer\HikariCP\5.1.0\HikariCP-5.1.0.jar;C:\Users\emman\.m2\repository\org\springframework\spring-jdbc\6.1.12\spring-jdbc-6.1.12.jar;C:\Users\emman\.m2\repository\org\hibernate\orm\hibernate-core\6.5.2.Final\hibernate-core-6.5.2.Final.jar;C:\Users\emman\.m2\repository\jakart
Launcher Type: SUN_STANDARD

[Global flags]
     intx CICompilerCount                          = 4                                         {product} {ergonomic}
     uint ConcGCThreads                            = 3                                         {product} {ergonomic}
     uint G1ConcRefinementThreads                  = 10                                        {product} {ergonomic}
   size_t G1HeapRegionSize                         = 1048576                                   {product} {ergonomic}
    uintx GCDrainStackTargetSize                   = 64                                        {product} {ergonomic}
   size_t InitialHeapSize                          = 98566144                                  {product} {ergonomic}
     bool ManagementServer                         = true                                      {product} {command line}
   size_t MarkStackSize                            = 4194304                                   {product} {ergonomic}
   size_t MaxHeapSize                              = 1574961152                                {product} {ergonomic}
   size_t MaxNewSize                               = 944766976                                 {product} {ergonomic}
   size_t MinHeapDeltaBytes                        = 1048576                                   {product} {ergonomic}
   size_t MinHeapSize                              = 8388608                                   {product} {ergonomic}
    uintx NonNMethodCodeHeapSize                   = 5839372                                {pd product} {ergonomic}
    uintx NonProfiledCodeHeapSize                  = 122909434                              {pd product} {ergonomic}
    uintx ProfiledCodeHeapSize                     = 122909434                              {pd product} {ergonomic}
    uintx ReservedCodeCacheSize                    = 251658240                              {pd product} {ergonomic}
     bool SegmentedCodeCache                       = true                                      {product} {ergonomic}
     bool ShowCodeDetailsInExceptionMessages       = true                                   {manageable} {command line}
   size_t SoftMaxHeapSize                          = 1574961152                             {manageable} {ergonomic}
     bool UseCompressedClassPointers               = true                           {product lp64_product} {ergonomic}
     bool UseCompressedOops                        = true                           {product lp64_product} {ergonomic}
     bool UseG1GC                                  = true                                      {product} {ergonomic}
     bool UseLargePagesIndividualAllocation        = false                                  {pd product} {ergonomic}

Logging:
Log output configuration:
 #0: stdout all=warning uptime,level,tags
 #1: stderr all=off uptime,level,tags

Environment Variables:
JAVA_HOME=C:\Users\emman\AppData\Roaming\Code\User\globalStorage\pleiades.java-extension-pack-jdk\java\21
PATH=C:\Users\emman\AppData\Roaming\Code\User\globalStorage\pleiades.java-extension-pack-jdk\gradle\latest\bin;C:\Users\emman\AppData\Roaming\Code\User\globalStorage\pleiades.java-extension-pack-jdk\maven\latest\bin;C:\Users\emman\AppData\Roaming\Code\User\globalStorage\pleiades.java-extension-pack-jdk\java\21\bin;C:\Program Files\Common Files\Oracle\Java\javapath;C:\Program Files (x86)\Common Files\Oracle\Java\javapath;C:\ProgramData\Oracle\Java\javapath;C:\WINDOWS\system32;C:\WINDOWS;C:\WINDOWS\System32\Wbem;C:\WINDOWS\System32\WindowsPowerShell\v1.0\;C:\WINDOWS\System32\OpenSSH\;C:\Program Files\dotnet\;C:\Program Files\AutoFirma\AutoFirma;C:\Program Files\Git\cmd;C:\Program Files\Maven\apache-maven-3.9.9\bin;C:\Program Files\Java\jdk-20.0.2\bin;C:\Program Files\nodejs\;C:\Users\emman\miniconda3;C:\Users\emman\miniconda3\Library\mingw-w64\bin;C:\Users\emman\miniconda3\Library\usr\bin;C:\Users\emman\miniconda3\Library\bin;C:\Users\emman\miniconda3\Scripts;C:\Users\emman\AppData\Local\Microsoft\WindowsApps;C:\Users\emman\AppData\Local\Programs\Microsoft VS Code\bin;C:\Users\emman\AppData\Local\Microsoft\WinGet\Packages\Schniz.fnm_Microsoft.Winget.Source_8wekyb3d8bbwe;C:\Users\emman\AppData\Roaming\npm
USERNAME=emman
LANG=en_US.UTF-8
OS=Windows_NT
PROCESSOR_IDENTIFIER=AMD64 Family 23 Model 104 Stepping 1, AuthenticAMD



---------------  S Y S T E M  ---------------

OS:
 Windows 11 , 64 bit Build 22621 (10.0.22621.4391)
OS uptime: 6 days 22:08 hours
Hyper-V role detected

CPU: total 12 (initial active 12) (12 cores per cpu, 2 threads per core) family 23 model 104 stepping 1 microcode 0x0, cx8, cmov, fxsr, ht, mmx, 3dnowpref, sse, sse2, sse3, ssse3, sse4a, sse4.1, sse4.2, popcnt, lzcnt, tsc, tscinvbit, avx, avx2, aes, clmul, bmi1, bmi2, adx, sha, fma, vzeroupper, clflush, clflushopt, hv

Memory: 4k page, system-wide physical 6005M (317M free)
TotalPageFile size 24437M (AvailPageFile size 21M)
current process WorkingSet (physical memory assigned to process): 233M, peak: 447M
current process commit charge ("private bytes"): 434M, peak: 547M

vm_info: Java HotSpot(TM) 64-Bit Server VM (17.0.6+9-LTS-190) for windows-amd64 JRE (17.0.6+9-LTS-190), built on Dec  6 2022 15:53:54 by "mach5one" with MS VC++ 17.1 (VS2022)

END.
